########### array before sorts ###########
0	-1.105000	9.847500	97.942500	9.847500	n
1	97.942500	9.847500	97.942500	84.132500	n
2	97.942500	84.132500	-1.105000	84.132500	n
3	-1.105000	84.132500	-1.105000	9.847500	n
Tolerance=0.050000.
*Exact match for i=0 and j=1.
*i point -1.105000	9.847500	97.942500	9.847500	y
*Exact match for i=1 and j=2.
*i point 97.942500	9.847500	97.942500	84.132500	y
*Exact match for i=2 and j=3.
*i point 97.942500	84.132500	-1.105000	84.132500	y
########### array after sorts ###########
0	-1.105000	9.847500	97.942500	9.847500	y
1	97.942500	9.847500	97.942500	84.132500	y
2	97.942500	84.132500	-1.105000	84.132500	y
3	-1.105000	84.132500	-1.105000	9.847500	y
***************
.BOARD_OUTLINE UNOWNED
1.6
0     -1.105000     9.847500     0
0     97.942500     9.847500     0
0     97.942500     84.132500     0
0     -1.105000     84.132500     0
0     -1.105000     9.847500     0
